[LOG] System::create                           : Header version = 2.01.05. Current version = 2.01.05.
[LOG] Manager::init                            : maxchannels = 256 studioflags = 00000006 flags 00000000 extradriverdata 0000000000000000.
[LOG] SystemI::init                            : Initialize version=20105 (112138), maxchannels=256, flags=0x00020000
[LOG] SystemI::setOutputInternal               : Setting output to 'FMOD WASAPI Output'
[LOG] OutputWASAPI::init                       : Mix Format (WAVEFORMATEX): wFormatTag=0xFFFE, nChannels=2, nSamplesPerSec=44100, nAvgBytesPerSec=352800, nBlockAlign=8, wBitsPerSample=32, cbSize=22.
[LOG] OutputWASAPI::init                       : Mix Format (WAVEFORMATEXTENSIBLE): wValidBitsPerSample=32, dwChannelMask=0x00000003, SubFormat=00000003-0000-0010-8000-00AA00389B71.
[LOG] OutputWASAPI::init                       : Output buffer size: 3760 samples, latency: 0.00ms, period: 10.00ms, DSP buffer: 1024 * 4
[WRN] SystemI::init                            : Output requires a sample rate of 44100Hz, resampling will occur.
[LOG] Thread::initThread                       : Init FMOD stream thread. Affinity: 0x8000000000000003, Priority: 0xFFFF7FFB, Stack Size: 98304, Semaphore: No, Sleep Time: 10, Looping: Yes.
[LOG] Thread::initThread                       : Init FMOD mixer thread. Affinity: 0x8000000000000001, Priority: 0xFFFF7FFA, Stack Size: 81920, Semaphore: No, Sleep Time: 0, Looping: Yes.
[LOG] AsyncManager::init                       : manager 0000012F54DAA058 isAsync 0 updatePeriod 0.02
[LOG] AsyncManager::init                       : done
[LOG] PlaybackSystem::init                     : 
[LOG] Thread::initThread                       : Init FMOD Studio sample load thread. Affinity: 0x8000000000000003, Priority: 0xFFFF7FFD, Stack Size: 98304, Semaphore: No, Sleep Time: 1, Looping: No.
[LOG] PlaybackSystem::init                     : done
[LOG] Thread::initThread                       : Init FMOD Studio bank load thread. Affinity: 0x8000000000000003, Priority: 0xFFFF7FFD, Stack Size: 98304, Semaphore: No, Sleep Time: 1, Looping: No.
[LOG] Manager::init                            : done.
[LOG] Manager::readBank                        : fileversion = 135, compatVersion = 132 (oldest = 44, newest = 135)
[LOG] Manager::readBank                        : fileversion = 135, compatVersion = 132 (oldest = 44, newest = 135)
[LOG] Manager::readBank                        : fileversion = 135, compatVersion = 132 (oldest = 44, newest = 135)
[LOG] PlaybackSystem::acquireMasterBus         : Setting master channel group format to 6
[LOG] Manager::readBank                        : fileversion = 135, compatVersion = 132 (oldest = 44, newest = 135)
[LOG] PlaybackSystem::acquireMasterBus         : Setting master channel group format to 6
[LOG] SystemI::createSoundInternal             : Create name='', mode=0x02000202
[LOG] SystemI::createSoundInternal             : exinfo->cbsize             = 224
[LOG] SystemI::createSoundInternal             : exinfo->length             = 7749248
[LOG] SystemI::createSoundInternal             : exinfo->fileoffset         = 32352
[LOG] SystemI::createSoundInternal             : exinfo->numsubsounds       = 1
[LOG] SystemI::createSoundInternal             : exinfo->inclusionlist      = 0000001EE4CFF1A8
[LOG] SystemI::createSoundInternal             : exinfo->inclusionlistnum   = 1
[LOG] SystemI::createSoundInternal             : exinfo->suggestedsoundtype = 5
[LOG] SystemI::createSoundInternal             : exinfo->useropen           = 00007FF90CC97E30
[LOG] SystemI::createSoundInternal             : exinfo->userclose          = 00007FF90CC97E00
[LOG] SystemI::createSoundInternal             : exinfo->userread           = 00007FF90CC97F00
[LOG] SystemI::createSoundInternal             : exinfo->userseek           = 00007FF90CC97FC0
[LOG] SystemI::createSoundInternal             : exinfo->fileuserdata       = 0000012F286AA4C8
[LOG] SystemI::createSoundInternal             : exinfo->initialseekpostype = 1
[LOG] SystemI::DSPCodecPoolRegister            : register codec pool for pool type 5
[LOG] SystemI::createSoundInternal             : Sample 0/1: name='ShotGun_asset', format=5, channels=2, frequency=48000, lengthbytes=13856, lengthpcm=48000, pcmblocksize=0, loopstart=0, loopend=0, mode=0x00000000, channelmask=0x00000000, channelorder=0, peakvolume=0.153883.
[LOG] SoundI::release                          :  (0000012F54D5A8D8)
[LOG] SoundI::release                          :     ShotGun_asset (0000012F54DD40A8)
[LOG] Manager::readBank                        : fileversion = 135, compatVersion = 132 (oldest = 44, newest = 135)
[LOG] PlaybackSystem::acquireMasterBus         : Setting master channel group format to 6
[LOG] SystemI::createSoundInternal             : Create name='', mode=0x02000202
[LOG] SystemI::createSoundInternal             : exinfo->cbsize             = 224
[LOG] SystemI::createSoundInternal             : exinfo->length             = 7749248
[LOG] SystemI::createSoundInternal             : exinfo->fileoffset         = 32352
[LOG] SystemI::createSoundInternal             : exinfo->numsubsounds       = 1
[LOG] SystemI::createSoundInternal             : exinfo->inclusionlist      = 0000001EE4CFF1A8
[LOG] SystemI::createSoundInternal             : exinfo->inclusionlistnum   = 1
[LOG] SystemI::createSoundInternal             : exinfo->suggestedsoundtype = 5
[LOG] SystemI::createSoundInternal             : exinfo->useropen           = 00007FF90CC97E30
[LOG] SystemI::createSoundInternal             : exinfo->userclose          = 00007FF90CC97E00
[LOG] SystemI::createSoundInternal             : exinfo->userread           = 00007FF90CC97F00
[LOG] SystemI::createSoundInternal             : exinfo->userseek           = 00007FF90CC97FC0
[LOG] SystemI::createSoundInternal             : exinfo->fileuserdata       = 0000012F2CC91C98
[LOG] SystemI::createSoundInternal             : exinfo->initialseekpostype = 1
[LOG] SystemI::DSPCodecPoolRegister            : register codec pool for pool type 5
[LOG] SystemI::createSoundInternal             : Sample 0/1: name='ShotGun_asset', format=5, channels=2, frequency=48000, lengthbytes=13856, lengthpcm=48000, pcmblocksize=0, loopstart=0, loopend=0, mode=0x00000000, channelmask=0x00000000, channelorder=0, peakvolume=0.153883.
[LOG] SoundI::release                          :  (0000012F54D5C878)
[LOG] SoundI::release                          :     ShotGun_asset (0000012F54DD33A8)
[LOG] Manager::readBank                        : fileversion = 135, compatVersion = 132 (oldest = 44, newest = 135)
[LOG] PlaybackSystem::acquireMasterBus         : Setting master channel group format to 6
[LOG] SystemI::createSoundInternal             : Create name='', mode=0x02000202
[LOG] SystemI::createSoundInternal             : exinfo->cbsize             = 224
[LOG] SystemI::createSoundInternal             : exinfo->length             = 7749248
[LOG] SystemI::createSoundInternal             : exinfo->fileoffset         = 32352
[LOG] SystemI::createSoundInternal             : exinfo->numsubsounds       = 1
[LOG] SystemI::createSoundInternal             : exinfo->inclusionlist      = 0000001EE4CFF1A8
[LOG] SystemI::createSoundInternal             : exinfo->inclusionlistnum   = 1
[LOG] SystemI::createSoundInternal             : exinfo->suggestedsoundtype = 5
[LOG] SystemI::createSoundInternal             : exinfo->useropen           = 00007FF90CC97E30
[LOG] SystemI::createSoundInternal             : exinfo->userclose          = 00007FF90CC97E00
[LOG] SystemI::createSoundInternal             : exinfo->userread           = 00007FF90CC97F00
[LOG] SystemI::createSoundInternal             : exinfo->userseek           = 00007FF90CC97FC0
[LOG] SystemI::createSoundInternal             : exinfo->fileuserdata       = 0000012F2CC922C8
[LOG] SystemI::createSoundInternal             : exinfo->initialseekpostype = 1
[LOG] SystemI::DSPCodecPoolRegister            : register codec pool for pool type 5
[LOG] SystemI::createSoundInternal             : Sample 0/1: name='ShotGun_asset', format=5, channels=2, frequency=48000, lengthbytes=13856, lengthpcm=48000, pcmblocksize=0, loopstart=0, loopend=0, mode=0x00000000, channelmask=0x00000000, channelorder=0, peakvolume=0.153883.
[LOG] SoundI::release                          :  (0000012F54D591D8)
[LOG] SoundI::release                          :     ShotGun_asset (0000012F54DD4248)
[LOG] Manager::readBank                        : fileversion = 135, compatVersion = 132 (oldest = 44, newest = 135)
[LOG] PlaybackSystem::acquireMasterBus         : Setting master channel group format to 6
[LOG] SystemI::createSoundInternal             : Create name='', mode=0x02000202
[LOG] SystemI::createSoundInternal             : exinfo->cbsize             = 224
[LOG] SystemI::createSoundInternal             : exinfo->length             = 7749248
[LOG] SystemI::createSoundInternal             : exinfo->fileoffset         = 32352
[LOG] SystemI::createSoundInternal             : exinfo->numsubsounds       = 1
[LOG] SystemI::createSoundInternal             : exinfo->inclusionlist      = 0000001EE4CFF1A8
[LOG] SystemI::createSoundInternal             : exinfo->inclusionlistnum   = 1
[LOG] SystemI::createSoundInternal             : exinfo->suggestedsoundtype = 5
[LOG] SystemI::createSoundInternal             : exinfo->useropen           = 00007FF90CC97E30
[LOG] SystemI::createSoundInternal             : exinfo->userclose          = 00007FF90CC97E00
[LOG] SystemI::createSoundInternal             : exinfo->userread           = 00007FF90CC97F00
[LOG] SystemI::createSoundInternal             : exinfo->userseek           = 00007FF90CC97FC0
[LOG] SystemI::createSoundInternal             : exinfo->fileuserdata       = 0000012F2CC91C98
[LOG] SystemI::createSoundInternal             : exinfo->initialseekpostype = 1
[LOG] SystemI::DSPCodecPoolRegister            : register codec pool for pool type 5
[LOG] SystemI::createSoundInternal             : Sample 0/1: name='ShotGun_asset', format=5, channels=2, frequency=48000, lengthbytes=13856, lengthpcm=48000, pcmblocksize=0, loopstart=0, loopend=0, mode=0x00000000, channelmask=0x00000000, channelorder=0, peakvolume=0.153883.
[LOG] SoundI::release                          :  (0000012F54D59908)
[LOG] SoundI::release                          :     ShotGun_asset (0000012F54DD5908)
[LOG] Manager::readBank                        : fileversion = 135, compatVersion = 132 (oldest = 44, newest = 135)
[LOG] PlaybackSystem::acquireMasterBus         : Setting master channel group format to 6
[LOG] SystemI::createSoundInternal             : Create name='', mode=0x02000202
[LOG] SystemI::createSoundInternal             : exinfo->cbsize             = 224
[LOG] SystemI::createSoundInternal             : exinfo->length             = 7749248
[LOG] SystemI::createSoundInternal             : exinfo->fileoffset         = 32352
[LOG] SystemI::createSoundInternal             : exinfo->numsubsounds       = 1
[LOG] SystemI::createSoundInternal             : exinfo->inclusionlist      = 0000001EE4CFF1A8
[LOG] SystemI::createSoundInternal             : exinfo->inclusionlistnum   = 1
[LOG] SystemI::createSoundInternal             : exinfo->suggestedsoundtype = 5
[LOG] SystemI::createSoundInternal             : exinfo->useropen           = 00007FF90CC97E30
[LOG] SystemI::createSoundInternal             : exinfo->userclose          = 00007FF90CC97E00
[LOG] SystemI::createSoundInternal             : exinfo->userread           = 00007FF90CC97F00
[LOG] SystemI::createSoundInternal             : exinfo->userseek           = 00007FF90CC97FC0
[LOG] SystemI::createSoundInternal             : exinfo->fileuserdata       = 0000012F2CC91C98
[LOG] SystemI::createSoundInternal             : exinfo->initialseekpostype = 1
[LOG] SystemI::DSPCodecPoolRegister            : register codec pool for pool type 5
[LOG] SystemI::createSoundInternal             : Sample 0/1: name='ShotGun_asset', format=5, channels=2, frequency=48000, lengthbytes=13856, lengthpcm=48000, pcmblocksize=0, loopstart=0, loopend=0, mode=0x00000000, channelmask=0x00000000, channelorder=0, peakvolume=0.153883.
[LOG] SoundI::release                          :  (0000012F54D5A8D8)
[LOG] SoundI::release                          :     ShotGun_asset (0000012F54DD2EC8)
[LOG] Manager::readBank                        : fileversion = 135, compatVersion = 132 (oldest = 44, newest = 135)
[LOG] PlaybackSystem::acquireMasterBus         : Setting master channel group format to 6
[LOG] SystemI::createSoundInternal             : Create name='', mode=0x02000202
[LOG] SystemI::createSoundInternal             : exinfo->cbsize             = 224
[LOG] SystemI::createSoundInternal             : exinfo->length             = 7749248
[LOG] SystemI::createSoundInternal             : exinfo->fileoffset         = 32352
[LOG] SystemI::createSoundInternal             : exinfo->numsubsounds       = 1
[LOG] SystemI::createSoundInternal             : exinfo->inclusionlist      = 0000001EE4CFF1A8
[LOG] SystemI::createSoundInternal             : exinfo->inclusionlistnum   = 1
[LOG] SystemI::createSoundInternal             : exinfo->suggestedsoundtype = 5
[LOG] SystemI::createSoundInternal             : exinfo->useropen           = 00007FF90CC97E30
[LOG] SystemI::createSoundInternal             : exinfo->userclose          = 00007FF90CC97E00
[LOG] SystemI::createSoundInternal             : exinfo->userread           = 00007FF90CC97F00
[LOG] SystemI::createSoundInternal             : exinfo->userseek           = 00007FF90CC97FC0
[LOG] SystemI::createSoundInternal             : exinfo->fileuserdata       = 0000012F2CC91C98
[LOG] SystemI::createSoundInternal             : exinfo->initialseekpostype = 1
[LOG] SystemI::DSPCodecPoolRegister            : register codec pool for pool type 5
[LOG] SystemI::createSoundInternal             : Sample 0/1: name='Plasma2_asset', format=5, channels=2, frequency=48000, lengthbytes=6048, lengthpcm=42000, pcmblocksize=0, loopstart=0, loopend=0, mode=0x00000000, channelmask=0x00000000, channelorder=0, peakvolume=0.155680.
[LOG] SystemI::createSoundInternal             : Create name='', mode=0x02000202
[LOG] SystemI::createSoundInternal             : exinfo->cbsize             = 224
[LOG] SystemI::createSoundInternal             : exinfo->length             = 7749248
[LOG] SystemI::createSoundInternal             : exinfo->fileoffset         = 32352
[LOG] SystemI::createSoundInternal             : exinfo->numsubsounds       = 1
[LOG] SystemI::createSoundInternal             : exinfo->inclusionlist      = 0000001EE4CFF1A8
[LOG] SystemI::createSoundInternal             : exinfo->inclusionlistnum   = 1
[LOG] SystemI::createSoundInternal             : exinfo->suggestedsoundtype = 5
[LOG] SystemI::createSoundInternal             : exinfo->useropen           = 00007FF90CC97E30
[LOG] SystemI::createSoundInternal             : exinfo->userclose          = 00007FF90CC97E00
[LOG] SystemI::createSoundInternal             : exinfo->userread           = 00007FF90CC97F00
[LOG] SystemI::createSoundInternal             : exinfo->userseek           = 00007FF90CC97FC0
[LOG] SystemI::createSoundInternal             : exinfo->fileuserdata       = 0000012F2CC91C98
[LOG] SystemI::createSoundInternal             : exinfo->initialseekpostype = 1
[LOG] SystemI::DSPCodecPoolRegister            : register codec pool for pool type 5
[LOG] SystemI::createSoundInternal             : Sample 0/1: name='Plasma1_asset', format=5, channels=2, frequency=48000, lengthbytes=6688, lengthpcm=42000, pcmblocksize=0, loopstart=0, loopend=0, mode=0x00000000, channelmask=0x00000000, channelorder=0, peakvolume=0.165809.
[LOG] SoundI::release                          :  (0000012F54D5A8D8)
[LOG] SoundI::release                          :     Plasma1_asset (0000012F54DD5AA8)
[LOG] SoundI::release                          :  (0000012F54D59908)
[LOG] SoundI::release                          :     Plasma2_asset (0000012F54DD2368)
[LOG] Manager::readBank                        : fileversion = 135, compatVersion = 132 (oldest = 44, newest = 135)
[LOG] PlaybackSystem::acquireMasterBus         : Setting master channel group format to 6
[LOG] SystemI::createSoundInternal             : Create name='', mode=0x02000202
[LOG] SystemI::createSoundInternal             : exinfo->cbsize             = 224
[LOG] SystemI::createSoundInternal             : exinfo->length             = 7749248
[LOG] SystemI::createSoundInternal             : exinfo->fileoffset         = 32352
[LOG] SystemI::createSoundInternal             : exinfo->numsubsounds       = 1
[LOG] SystemI::createSoundInternal             : exinfo->inclusionlist      = 0000001EE4CFF1A8
[LOG] SystemI::createSoundInternal             : exinfo->inclusionlistnum   = 1
[LOG] SystemI::createSoundInternal             : exinfo->suggestedsoundtype = 5
[LOG] SystemI::createSoundInternal             : exinfo->useropen           = 00007FF90CC97E30
[LOG] SystemI::createSoundInternal             : exinfo->userclose          = 00007FF90CC97E00
[LOG] SystemI::createSoundInternal             : exinfo->userread           = 00007FF90CC97F00
[LOG] SystemI::createSoundInternal             : exinfo->userseek           = 00007FF90CC97FC0
[LOG] SystemI::createSoundInternal             : exinfo->fileuserdata       = 0000012F2CC924D8
[LOG] SystemI::createSoundInternal             : exinfo->initialseekpostype = 1
[LOG] SystemI::DSPCodecPoolRegister            : register codec pool for pool type 5
[LOG] SystemI::createSoundInternal             : Sample 0/1: name='ShotGun_asset', format=5, channels=2, frequency=48000, lengthbytes=13856, lengthpcm=48000, pcmblocksize=0, loopstart=0, loopend=0, mode=0x00000000, channelmask=0x00000000, channelorder=0, peakvolume=0.153883.
[LOG] SoundI::release                          :  (0000012F54D5AE98)
[LOG] SoundI::release                          :     ShotGun_asset (0000012F54DD21C8)
[LOG] Manager::readBank                        : fileversion = 135, compatVersion = 132 (oldest = 44, newest = 135)
[LOG] PlaybackSystem::acquireMasterBus         : Setting master channel group format to 6
[LOG] SystemI::createSoundInternal             : Create name='', mode=0x02000202
[LOG] SystemI::createSoundInternal             : exinfo->cbsize             = 224
[LOG] SystemI::createSoundInternal             : exinfo->length             = 7749248
[LOG] SystemI::createSoundInternal             : exinfo->fileoffset         = 32352
[LOG] SystemI::createSoundInternal             : exinfo->numsubsounds       = 1
[LOG] SystemI::createSoundInternal             : exinfo->inclusionlist      = 0000001EE4CFF1A8
[LOG] SystemI::createSoundInternal             : exinfo->inclusionlistnum   = 1
[LOG] SystemI::createSoundInternal             : exinfo->suggestedsoundtype = 5
[LOG] SystemI::createSoundInternal             : exinfo->useropen           = 00007FF90CC97E30
[LOG] SystemI::createSoundInternal             : exinfo->userclose          = 00007FF90CC97E00
[LOG] SystemI::createSoundInternal             : exinfo->userread           = 00007FF90CC97F00
[LOG] SystemI::createSoundInternal             : exinfo->userseek           = 00007FF90CC97FC0
[LOG] SystemI::createSoundInternal             : exinfo->fileuserdata       = 0000012F2CC926E8
[LOG] SystemI::createSoundInternal             : exinfo->initialseekpostype = 1
[LOG] SystemI::DSPCodecPoolRegister            : register codec pool for pool type 5
[LOG] SystemI::createSoundInternal             : Sample 0/1: name='ShotGun_asset', format=5, channels=2, frequency=48000, lengthbytes=13856, lengthpcm=48000, pcmblocksize=0, loopstart=0, loopend=0, mode=0x00000000, channelmask=0x00000000, channelorder=0, peakvolume=0.153883.
[LOG] SoundI::release                          :  (0000012F54D5B8A8)
[LOG] SoundI::release                          :     ShotGun_asset (0000012F54DD2368)
[LOG] Manager::readBank                        : fileversion = 135, compatVersion = 132 (oldest = 44, newest = 135)
[LOG] PlaybackSystem::acquireMasterBus         : Setting master channel group format to 6
[LOG] SystemI::createSoundInternal             : Create name='', mode=0x02000202
[LOG] SystemI::createSoundInternal             : exinfo->cbsize             = 224
[LOG] SystemI::createSoundInternal             : exinfo->length             = 7749248
[LOG] SystemI::createSoundInternal             : exinfo->fileoffset         = 32352
[LOG] SystemI::createSoundInternal             : exinfo->numsubsounds       = 1
[LOG] SystemI::createSoundInternal             : exinfo->inclusionlist      = 0000001EE4CFF1A8
[LOG] SystemI::createSoundInternal             : exinfo->inclusionlistnum   = 1
[LOG] SystemI::createSoundInternal             : exinfo->suggestedsoundtype = 5
[LOG] SystemI::createSoundInternal             : exinfo->useropen           = 00007FF90CC97E30
[LOG] SystemI::createSoundInternal             : exinfo->userclose          = 00007FF90CC97E00
[LOG] SystemI::createSoundInternal             : exinfo->userread           = 00007FF90CC97F00
[LOG] SystemI::createSoundInternal             : exinfo->userseek           = 00007FF90CC97FC0
[LOG] SystemI::createSoundInternal             : exinfo->fileuserdata       = 0000012F2CC90C18
[LOG] SystemI::createSoundInternal             : exinfo->initialseekpostype = 1
[LOG] SystemI::DSPCodecPoolRegister            : register codec pool for pool type 5
[LOG] SystemI::createSoundInternal             : Sample 0/1: name='ShotGun_asset', format=5, channels=2, frequency=48000, lengthbytes=13856, lengthpcm=48000, pcmblocksize=0, loopstart=0, loopend=0, mode=0x00000000, channelmask=0x00000000, channelorder=0, peakvolume=0.153883.
[LOG] SoundI::release                          :  (0000012F54D5C878)
[LOG] SoundI::release                          :     ShotGun_asset (0000012F54DD2EC8)
[LOG] Manager::readBank                        : fileversion = 135, compatVersion = 132 (oldest = 44, newest = 135)
[LOG] PlaybackSystem::acquireMasterBus         : Setting master channel group format to 6
[LOG] SystemI::createSoundInternal             : Create name='', mode=0x02000202
[LOG] SystemI::createSoundInternal             : exinfo->cbsize             = 224
[LOG] SystemI::createSoundInternal             : exinfo->length             = 7749248
[LOG] SystemI::createSoundInternal             : exinfo->fileoffset         = 32352
[LOG] SystemI::createSoundInternal             : exinfo->numsubsounds       = 1
[LOG] SystemI::createSoundInternal             : exinfo->inclusionlist      = 0000001EE4CFF1A8
[LOG] SystemI::createSoundInternal             : exinfo->inclusionlistnum   = 1
[LOG] SystemI::createSoundInternal             : exinfo->suggestedsoundtype = 5
[LOG] SystemI::createSoundInternal             : exinfo->useropen           = 00007FF90CC97E30
[LOG] SystemI::createSoundInternal             : exinfo->userclose          = 00007FF90CC97E00
[LOG] SystemI::createSoundInternal             : exinfo->userread           = 00007FF90CC97F00
[LOG] SystemI::createSoundInternal             : exinfo->userseek           = 00007FF90CC97FC0
[LOG] SystemI::createSoundInternal             : exinfo->fileuserdata       = 0000012F2CC91C98
[LOG] SystemI::createSoundInternal             : exinfo->initialseekpostype = 1
[LOG] SystemI::DSPCodecPoolRegister            : register codec pool for pool type 5
[LOG] SystemI::createSoundInternal             : Sample 0/1: name='Plasma2_asset', format=5, channels=2, frequency=48000, lengthbytes=6048, lengthpcm=42000, pcmblocksize=0, loopstart=0, loopend=0, mode=0x00000000, channelmask=0x00000000, channelorder=0, peakvolume=0.155680.
[LOG] SystemI::createSoundInternal             : Create name='', mode=0x02000202
[LOG] SystemI::createSoundInternal             : exinfo->cbsize             = 224
[LOG] SystemI::createSoundInternal             : exinfo->length             = 7749248
[LOG] SystemI::createSoundInternal             : exinfo->fileoffset         = 32352
[LOG] SystemI::createSoundInternal             : exinfo->numsubsounds       = 1
[LOG] SystemI::createSoundInternal             : exinfo->inclusionlist      = 0000001EE4CFF1A8
[LOG] SystemI::createSoundInternal             : exinfo->inclusionlistnum   = 1
[LOG] SystemI::createSoundInternal             : exinfo->suggestedsoundtype = 5
[LOG] SystemI::createSoundInternal             : exinfo->useropen           = 00007FF90CC97E30
[LOG] SystemI::createSoundInternal             : exinfo->userclose          = 00007FF90CC97E00
[LOG] SystemI::createSoundInternal             : exinfo->userread           = 00007FF90CC97F00
[LOG] SystemI::createSoundInternal             : exinfo->userseek           = 00007FF90CC97FC0
[LOG] SystemI::createSoundInternal             : exinfo->fileuserdata       = 0000012F2CC91C98
[LOG] SystemI::createSoundInternal             : exinfo->initialseekpostype = 1
[LOG] SystemI::DSPCodecPoolRegister            : register codec pool for pool type 5
[LOG] SystemI::createSoundInternal             : Sample 0/1: name='Plasma1_asset', format=5, channels=2, frequency=48000, lengthbytes=6688, lengthpcm=42000, pcmblocksize=0, loopstart=0, loopend=0, mode=0x00000000, channelmask=0x00000000, channelorder=0, peakvolume=0.165809.
[LOG] SoundI::release                          :  (0000012F54D59908)
[LOG] SoundI::release                          :     Plasma1_asset (0000012F54DD5AA8)
[LOG] SoundI::release                          :  (0000012F54D5A8D8)
[LOG] SoundI::release                          :     Plasma2_asset (0000012F54DD3888)
[LOG] Manager::readBank                        : fileversion = 135, compatVersion = 132 (oldest = 44, newest = 135)
[LOG] PlaybackSystem::acquireMasterBus         : Setting master channel group format to 6
[LOG] SystemI::createSoundInternal             : Create name='', mode=0x02000202
[LOG] SystemI::createSoundInternal             : exinfo->cbsize             = 224
[LOG] SystemI::createSoundInternal             : exinfo->length             = 7749248
[LOG] SystemI::createSoundInternal             : exinfo->fileoffset         = 32352
[LOG] SystemI::createSoundInternal             : exinfo->numsubsounds       = 1
[LOG] SystemI::createSoundInternal             : exinfo->inclusionlist      = 0000001EE4CFF1A8
[LOG] SystemI::createSoundInternal             : exinfo->inclusionlistnum   = 1
[LOG] SystemI::createSoundInternal             : exinfo->suggestedsoundtype = 5
[LOG] SystemI::createSoundInternal             : exinfo->useropen           = 00007FF90CC97E30
[LOG] SystemI::createSoundInternal             : exinfo->userclose          = 00007FF90CC97E00
[LOG] SystemI::createSoundInternal             : exinfo->userread           = 00007FF90CC97F00
[LOG] SystemI::createSoundInternal             : exinfo->userseek           = 00007FF90CC97FC0
[LOG] SystemI::createSoundInternal             : exinfo->fileuserdata       = 0000012F2CC91EA8
[LOG] SystemI::createSoundInternal             : exinfo->initialseekpostype = 1
[LOG] SystemI::DSPCodecPoolRegister            : register codec pool for pool type 5
[LOG] SystemI::createSoundInternal             : Sample 0/1: name='Plasma2_asset', format=5, channels=2, frequency=48000, lengthbytes=6048, lengthpcm=42000, pcmblocksize=0, loopstart=0, loopend=0, mode=0x00000000, channelmask=0x00000000, channelorder=0, peakvolume=0.155680.
[LOG] SystemI::createSoundInternal             : Create name='', mode=0x02000202
[LOG] SystemI::createSoundInternal             : exinfo->cbsize             = 224
[LOG] SystemI::createSoundInternal             : exinfo->length             = 7749248
[LOG] SystemI::createSoundInternal             : exinfo->fileoffset         = 32352
[LOG] SystemI::createSoundInternal             : exinfo->numsubsounds       = 1
[LOG] SystemI::createSoundInternal             : exinfo->inclusionlist      = 0000001EE4CFF1A8
[LOG] SystemI::createSoundInternal             : exinfo->inclusionlistnum   = 1
[LOG] SystemI::createSoundInternal             : exinfo->suggestedsoundtype = 5
[LOG] SystemI::createSoundInternal             : exinfo->useropen           = 00007FF90CC97E30
[LOG] SystemI::createSoundInternal             : exinfo->userclose          = 00007FF90CC97E00
[LOG] SystemI::createSoundInternal             : exinfo->userread           = 00007FF90CC97F00
[LOG] SystemI::createSoundInternal             : exinfo->userseek           = 00007FF90CC97FC0
[LOG] SystemI::createSoundInternal             : exinfo->fileuserdata       = 0000012F2CC91EA8
[LOG] SystemI::createSoundInternal             : exinfo->initialseekpostype = 1
[LOG] SystemI::DSPCodecPoolRegister            : register codec pool for pool type 5
[LOG] SystemI::createSoundInternal             : Sample 0/1: name='Plasma1_asset', format=5, channels=2, frequency=48000, lengthbytes=6688, lengthpcm=42000, pcmblocksize=0, loopstart=0, loopend=0, mode=0x00000000, channelmask=0x00000000, channelorder=0, peakvolume=0.165809.
[LOG] SoundI::release                          :  (0000012F54D5B458)
[LOG] SoundI::release                          :     Plasma1_asset (0000012F54DD21C8)
[LOG] SoundI::release                          :  (0000012F54D59908)
[LOG] SoundI::release                          :     Plasma2_asset (0000012F54DD3A28)
[LOG] Manager::readBank                        : fileversion = 135, compatVersion = 132 (oldest = 44, newest = 135)
[LOG] PlaybackSystem::acquireMasterBus         : Setting master channel group format to 6
[LOG] SystemI::createSoundInternal             : Create name='', mode=0x02000202
[LOG] SystemI::createSoundInternal             : exinfo->cbsize             = 224
[LOG] SystemI::createSoundInternal             : exinfo->length             = 7749248
[LOG] SystemI::createSoundInternal             : exinfo->fileoffset         = 32352
[LOG] SystemI::createSoundInternal             : exinfo->numsubsounds       = 1
[LOG] SystemI::createSoundInternal             : exinfo->inclusionlist      = 0000001EE4CFF1A8
[LOG] SystemI::createSoundInternal             : exinfo->inclusionlistnum   = 1
[LOG] SystemI::createSoundInternal             : exinfo->suggestedsoundtype = 5
[LOG] SystemI::createSoundInternal             : exinfo->useropen           = 00007FF90CC97E30
[LOG] SystemI::createSoundInternal             : exinfo->userclose          = 00007FF90CC97E00
[LOG] SystemI::createSoundInternal             : exinfo->userread           = 00007FF90CC97F00
[LOG] SystemI::createSoundInternal             : exinfo->userseek           = 00007FF90CC97FC0
[LOG] SystemI::createSoundInternal             : exinfo->fileuserdata       = 0000012F2CC91C98
[LOG] SystemI::createSoundInternal             : exinfo->initialseekpostype = 1
[LOG] SystemI::DSPCodecPoolRegister            : register codec pool for pool type 5
[LOG] SystemI::createSoundInternal             : Sample 0/1: name='Handgun_asset', format=5, channels=2, frequency=48000, lengthbytes=4800, lengthpcm=48000, pcmblocksize=0, loopstart=0, loopend=0, mode=0x00000000, channelmask=0x00000000, channelorder=0, peakvolume=0.439749.
[LOG] SoundI::release                          :  (0000012F54D5A8D8)
[LOG] SoundI::release                          :     Handgun_asset (0000012F54DD3068)
[LOG] Manager::readBank                        : fileversion = 135, compatVersion = 132 (oldest = 44, newest = 135)
[LOG] PlaybackSystem::acquireMasterBus         : Setting master channel group format to 6
[LOG] SystemI::createSoundInternal             : Create name='', mode=0x02000202
[LOG] SystemI::createSoundInternal             : exinfo->cbsize             = 224
[LOG] SystemI::createSoundInternal             : exinfo->length             = 7749248
[LOG] SystemI::createSoundInternal             : exinfo->fileoffset         = 32352
[LOG] SystemI::createSoundInternal             : exinfo->numsubsounds       = 1
[LOG] SystemI::createSoundInternal             : exinfo->inclusionlist      = 0000001EE4CFF1A8
[LOG] SystemI::createSoundInternal             : exinfo->inclusionlistnum   = 1
[LOG] SystemI::createSoundInternal             : exinfo->suggestedsoundtype = 5
[LOG] SystemI::createSoundInternal             : exinfo->useropen           = 00007FF90CC97E30
[LOG] SystemI::createSoundInternal             : exinfo->userclose          = 00007FF90CC97E00
[LOG] SystemI::createSoundInternal             : exinfo->userread           = 00007FF90CC97F00
[LOG] SystemI::createSoundInternal             : exinfo->userseek           = 00007FF90CC97FC0
[LOG] SystemI::createSoundInternal             : exinfo->fileuserdata       = 0000012F2CC922C8
[LOG] SystemI::createSoundInternal             : exinfo->initialseekpostype = 1
[LOG] SystemI::DSPCodecPoolRegister            : register codec pool for pool type 5
[LOG] SystemI::createSoundInternal             : Sample 0/1: name='Crowbar', format=5, channels=2, frequency=48000, lengthbytes=5408, lengthpcm=24000, pcmblocksize=0, loopstart=0, loopend=0, mode=0x00000000, channelmask=0x00000000, channelorder=0, peakvolume=0.097911.
[LOG] SoundI::release                          :  (0000012F54D59908)
[LOG] SoundI::release                          :     Crowbar (0000012F54DD5DE8)
[LOG] Manager::readBank                        : fileversion = 135, compatVersion = 132 (oldest = 44, newest = 135)
[LOG] PlaybackSystem::acquireMasterBus         : Setting master channel group format to 6
[LOG] SystemI::createSoundInternal             : Create name='', mode=0x02000202
[LOG] SystemI::createSoundInternal             : exinfo->cbsize             = 224
[LOG] SystemI::createSoundInternal             : exinfo->length             = 7749248
[LOG] SystemI::createSoundInternal             : exinfo->fileoffset         = 32352
[LOG] SystemI::createSoundInternal             : exinfo->numsubsounds       = 1
[LOG] SystemI::createSoundInternal             : exinfo->inclusionlist      = 0000001EE4CFF1A8
[LOG] SystemI::createSoundInternal             : exinfo->inclusionlistnum   = 1
[LOG] SystemI::createSoundInternal             : exinfo->suggestedsoundtype = 5
[LOG] SystemI::createSoundInternal             : exinfo->useropen           = 00007FF90CC97E30
[LOG] SystemI::createSoundInternal             : exinfo->userclose          = 00007FF90CC97E00
[LOG] SystemI::createSoundInternal             : exinfo->userread           = 00007FF90CC97F00
[LOG] SystemI::createSoundInternal             : exinfo->userseek           = 00007FF90CC97FC0
[LOG] SystemI::createSoundInternal             : exinfo->fileuserdata       = 0000012F54D15DB8
[LOG] SystemI::createSoundInternal             : exinfo->initialseekpostype = 1
[LOG] SystemI::DSPCodecPoolRegister            : register codec pool for pool type 5
[LOG] SystemI::createSoundInternal             : Sample 0/1: name='Crowbar', format=5, channels=2, frequency=48000, lengthbytes=5408, lengthpcm=24000, pcmblocksize=0, loopstart=0, loopend=0, mode=0x00000000, channelmask=0x00000000, channelorder=0, peakvolume=0.097911.
[LOG] SoundI::release                          :  (0000012F54D5B458)
[LOG] SoundI::release                          :     Crowbar (0000012F54DD5288)
[LOG] Manager::readBank                        : fileversion = 135, compatVersion = 132 (oldest = 44, newest = 135)
[LOG] PlaybackSystem::acquireMasterBus         : Setting master channel group format to 6
[LOG] SystemI::createSoundInternal             : Create name='', mode=0x02000202
[LOG] SystemI::createSoundInternal             : exinfo->cbsize             = 224
[LOG] SystemI::createSoundInternal             : exinfo->length             = 7749248
[LOG] SystemI::createSoundInternal             : exinfo->fileoffset         = 32352
[LOG] SystemI::createSoundInternal             : exinfo->numsubsounds       = 1
[LOG] SystemI::createSoundInternal             : exinfo->inclusionlist      = 0000001EE4CFF1A8
[LOG] SystemI::createSoundInternal             : exinfo->inclusionlistnum   = 1
[LOG] SystemI::createSoundInternal             : exinfo->suggestedsoundtype = 5
[LOG] SystemI::createSoundInternal             : exinfo->useropen           = 00007FF90CC97E30
[LOG] SystemI::createSoundInternal             : exinfo->userclose          = 00007FF90CC97E00
[LOG] SystemI::createSoundInternal             : exinfo->userread           = 00007FF90CC97F00
[LOG] SystemI::createSoundInternal             : exinfo->userseek           = 00007FF90CC97FC0
[LOG] SystemI::createSoundInternal             : exinfo->fileuserdata       = 0000012F54E7D508
[LOG] SystemI::createSoundInternal             : exinfo->initialseekpostype = 1
[LOG] SystemI::DSPCodecPoolRegister            : register codec pool for pool type 5
[LOG] SystemI::createSoundInternal             : Sample 0/1: name='Crowbar', format=5, channels=2, frequency=48000, lengthbytes=5408, lengthpcm=24000, pcmblocksize=0, loopstart=0, loopend=0, mode=0x00000000, channelmask=0x00000000, channelorder=0, peakvolume=0.097911.
[LOG] SoundI::release                          :  (0000012F54D5B8A8)
[LOG] SoundI::release                          :     Crowbar (0000012F54DD3A28)
[LOG] Manager::readBank                        : fileversion = 135, compatVersion = 132 (oldest = 44, newest = 135)
[LOG] PlaybackSystem::acquireMasterBus         : Setting master channel group format to 6
[LOG] SystemI::createSoundInternal             : Create name='', mode=0x02000202
[LOG] SystemI::createSoundInternal             : exinfo->cbsize             = 224
[LOG] SystemI::createSoundInternal             : exinfo->length             = 7749248
[LOG] SystemI::createSoundInternal             : exinfo->fileoffset         = 32352
[LOG] SystemI::createSoundInternal             : exinfo->numsubsounds       = 1
[LOG] SystemI::createSoundInternal             : exinfo->inclusionlist      = 0000001EE4CFF1A8
[LOG] SystemI::createSoundInternal             : exinfo->inclusionlistnum   = 1
[LOG] SystemI::createSoundInternal             : exinfo->suggestedsoundtype = 5
[LOG] SystemI::createSoundInternal             : exinfo->useropen           = 00007FF90CC97E30
[LOG] SystemI::createSoundInternal             : exinfo->userclose          = 00007FF90CC97E00
[LOG] SystemI::createSoundInternal             : exinfo->userread           = 00007FF90CC97F00
[LOG] SystemI::createSoundInternal             : exinfo->userseek           = 00007FF90CC97FC0
[LOG] SystemI::createSoundInternal             : exinfo->fileuserdata       = 0000012F2CC90C18
[LOG] SystemI::createSoundInternal             : exinfo->initialseekpostype = 1
[LOG] SystemI::DSPCodecPoolRegister            : register codec pool for pool type 5
[LOG] SystemI::createSoundInternal             : Sample 0/1: name='Crowbar', format=5, channels=2, frequency=48000, lengthbytes=5408, lengthpcm=24000, pcmblocksize=0, loopstart=0, loopend=0, mode=0x00000000, channelmask=0x00000000, channelorder=0, peakvolume=0.097911.
[LOG] SoundI::release                          :  (0000012F54D5BCF8)
[LOG] SoundI::release                          :     Crowbar (0000012F54DD5288)
[LOG] Manager::readBank                        : fileversion = 135, compatVersion = 132 (oldest = 44, newest = 135)
[LOG] PlaybackSystem::acquireMasterBus         : Setting master channel group format to 6
[LOG] SystemI::createSoundInternal             : Create name='', mode=0x02000202
[LOG] SystemI::createSoundInternal             : exinfo->cbsize             = 224
[LOG] SystemI::createSoundInternal             : exinfo->length             = 7749248
[LOG] SystemI::createSoundInternal             : exinfo->fileoffset         = 32352
[LOG] SystemI::createSoundInternal             : exinfo->numsubsounds       = 1
[LOG] SystemI::createSoundInternal             : exinfo->inclusionlist      = 0000001EE4CFF1A8
[LOG] SystemI::createSoundInternal             : exinfo->inclusionlistnum   = 1
[LOG] SystemI::createSoundInternal             : exinfo->suggestedsoundtype = 5
[LOG] SystemI::createSoundInternal             : exinfo->useropen           = 00007FF90CC97E30
[LOG] SystemI::createSoundInternal             : exinfo->userclose          = 00007FF90CC97E00
[LOG] SystemI::createSoundInternal             : exinfo->userread           = 00007FF90CC97F00
[LOG] SystemI::createSoundInternal             : exinfo->userseek           = 00007FF90CC97FC0
[LOG] SystemI::createSoundInternal             : exinfo->fileuserdata       = 0000012F2CC922C8
[LOG] SystemI::createSoundInternal             : exinfo->initialseekpostype = 1
[LOG] SystemI::DSPCodecPoolRegister            : register codec pool for pool type 5
[LOG] SystemI::createSoundInternal             : Sample 0/1: name='Crowbar', format=5, channels=2, frequency=48000, lengthbytes=5408, lengthpcm=24000, pcmblocksize=0, loopstart=0, loopend=0, mode=0x00000000, channelmask=0x00000000, channelorder=0, peakvolume=0.097911.
[LOG] SoundI::release                          :  (0000012F54D591D8)
[LOG] SoundI::release                          :     Crowbar (0000012F54DD40A8)
[LOG] Manager::readBank                        : fileversion = 135, compatVersion = 132 (oldest = 44, newest = 135)
[LOG] PlaybackSystem::acquireMasterBus         : Setting master channel group format to 6
[LOG] SystemI::createSoundInternal             : Create name='', mode=0x02000202
[LOG] SystemI::createSoundInternal             : exinfo->cbsize             = 224
[LOG] SystemI::createSoundInternal             : exinfo->length             = 7749248
[LOG] SystemI::createSoundInternal             : exinfo->fileoffset         = 32352
[LOG] SystemI::createSoundInternal             : exinfo->numsubsounds       = 1
[LOG] SystemI::createSoundInternal             : exinfo->inclusionlist      = 0000001EE4CFF1A8
[LOG] SystemI::createSoundInternal             : exinfo->inclusionlistnum   = 1
[LOG] SystemI::createSoundInternal             : exinfo->suggestedsoundtype = 5
[LOG] SystemI::createSoundInternal             : exinfo->useropen           = 00007FF90CC97E30
[LOG] SystemI::createSoundInternal             : exinfo->userclose          = 00007FF90CC97E00
[LOG] SystemI::createSoundInternal             : exinfo->userread           = 00007FF90CC97F00
[LOG] SystemI::createSoundInternal             : exinfo->userseek           = 00007FF90CC97FC0
[LOG] SystemI::createSoundInternal             : exinfo->fileuserdata       = 0000012F2CC924D8
[LOG] SystemI::createSoundInternal             : exinfo->initialseekpostype = 1
[LOG] SystemI::DSPCodecPoolRegister            : register codec pool for pool type 5
[LOG] SystemI::createSoundInternal             : Sample 0/1: name='Hit3_asset', format=5, channels=2, frequency=48000, lengthbytes=7936, lengthpcm=48000, pcmblocksize=0, loopstart=0, loopend=0, mode=0x00000000, channelmask=0x00000000, channelorder=0, peakvolume=0.198953.
[LOG] SystemI::createSoundInternal             : Create name='', mode=0x02000202
[LOG] SystemI::createSoundInternal             : exinfo->cbsize             = 224
[LOG] SystemI::createSoundInternal             : exinfo->length             = 7749248
[LOG] SystemI::createSoundInternal             : exinfo->fileoffset         = 32352
[LOG] SystemI::createSoundInternal             : exinfo->numsubsounds       = 1
[LOG] SystemI::createSoundInternal             : exinfo->inclusionlist      = 0000001EE4CFF1A8
[LOG] SystemI::createSoundInternal             : exinfo->inclusionlistnum   = 1
[LOG] SystemI::createSoundInternal             : exinfo->suggestedsoundtype = 5
[LOG] SystemI::createSoundInternal             : exinfo->useropen           = 00007FF90CC97E30
[LOG] SystemI::createSoundInternal             : exinfo->userclose          = 00007FF90CC97E00
[LOG] SystemI::createSoundInternal             : exinfo->userread           = 00007FF90CC97F00
[LOG] SystemI::createSoundInternal             : exinfo->userseek           = 00007FF90CC97FC0
[LOG] SystemI::createSoundInternal             : exinfo->fileuserdata       = 0000012F2CC924D8
[LOG] SystemI::createSoundInternal             : exinfo->initialseekpostype = 1
[LOG] SystemI::DSPCodecPoolRegister            : register codec pool for pool type 5
[LOG] SystemI::createSoundInternal             : Sample 0/1: name='Hit4_asset', format=5, channels=2, frequency=48000, lengthbytes=8544, lengthpcm=48000, pcmblocksize=0, loopstart=0, loopend=0, mode=0x00000000, channelmask=0x00000000, channelorder=0, peakvolume=0.109725.
[LOG] SystemI::createSoundInternal             : Create name='', mode=0x02000202
[LOG] SystemI::createSoundInternal             : exinfo->cbsize             = 224
[LOG] SystemI::createSoundInternal             : exinfo->length             = 7749248
[LOG] SystemI::createSoundInternal             : exinfo->fileoffset         = 32352
[LOG] SystemI::createSoundInternal             : exinfo->numsubsounds       = 1
[LOG] SystemI::createSoundInternal             : exinfo->inclusionlist      = 0000001EE4CFF1A8
[LOG] SystemI::createSoundInternal             : exinfo->inclusionlistnum   = 1
[LOG] SystemI::createSoundInternal             : exinfo->suggestedsoundtype = 5
[LOG] SystemI::createSoundInternal             : exinfo->useropen           = 00007FF90CC97E30
[LOG] SystemI::createSoundInternal             : exinfo->userclose          = 00007FF90CC97E00
[LOG] SystemI::createSoundInternal             : exinfo->userread           = 00007FF90CC97F00
[LOG] SystemI::createSoundInternal             : exinfo->userseek           = 00007FF90CC97FC0
[LOG] SystemI::createSoundInternal             : exinfo->fileuserdata       = 0000012F2CC924D8
[LOG] SystemI::createSoundInternal             : exinfo->initialseekpostype = 1
[LOG] SystemI::DSPCodecPoolRegister            : register codec pool for pool type 5
[LOG] SystemI::createSoundInternal             : Sample 0/1: name='Hit2_asset', format=5, channels=2, frequency=48000, lengthbytes=10912, lengthpcm=48000, pcmblocksize=0, loopstart=0, loopend=0, mode=0x00000000, channelmask=0x00000000, channelorder=0, peakvolume=0.163314.
[LOG] SystemI::createSoundInternal             : Create name='', mode=0x02000202
[LOG] SystemI::createSoundInternal             : exinfo->cbsize             = 224
[LOG] SystemI::createSoundInternal             : exinfo->length             = 7749248
[LOG] SystemI::createSoundInternal             : exinfo->fileoffset         = 32352
[LOG] SystemI::createSoundInternal             : exinfo->numsubsounds       = 1
[LOG] SystemI::createSoundInternal             : exinfo->inclusionlist      = 0000001EE4CFF1A8
[LOG] SystemI::createSoundInternal             : exinfo->inclusionlistnum   = 1
[LOG] SystemI::createSoundInternal             : exinfo->suggestedsoundtype = 5
[LOG] SystemI::createSoundInternal             : exinfo->useropen           = 00007FF90CC97E30
[LOG] SystemI::createSoundInternal             : exinfo->userclose          = 00007FF90CC97E00
[LOG] SystemI::createSoundInternal             : exinfo->userread           = 00007FF90CC97F00
[LOG] SystemI::createSoundInternal             : exinfo->userseek           = 00007FF90CC97FC0
[LOG] SystemI::createSoundInternal             : exinfo->fileuserdata       = 0000012F2CC924D8
[LOG] SystemI::createSoundInternal             : exinfo->initialseekpostype = 1
[LOG] SystemI::DSPCodecPoolRegister            : register codec pool for pool type 5
[LOG] SystemI::createSoundInternal             : Sample 0/1: name='Hit5_asset', format=5, channels=2, frequency=48000, lengthbytes=7488, lengthpcm=48000, pcmblocksize=0, loopstart=0, loopend=0, mode=0x00000000, channelmask=0x00000000, channelorder=0, peakvolume=0.068598.
[LOG] SystemI::createSoundInternal             : Create name='', mode=0x02000202
[LOG] SystemI::createSoundInternal             : exinfo->cbsize             = 224
[LOG] SystemI::createSoundInternal             : exinfo->length             = 7749248
[LOG] SystemI::createSoundInternal             : exinfo->fileoffset         = 32352
[LOG] SystemI::createSoundInternal             : exinfo->numsubsounds       = 1
[LOG] SystemI::createSoundInternal             : exinfo->inclusionlist      = 0000001EE4CFF1A8
[LOG] SystemI::createSoundInternal             : exinfo->inclusionlistnum   = 1
[LOG] SystemI::createSoundInternal             : exinfo->suggestedsoundtype = 5
[LOG] SystemI::createSoundInternal             : exinfo->useropen           = 00007FF90CC97E30
[LOG] SystemI::createSoundInternal             : exinfo->userclose          = 00007FF90CC97E00
[LOG] SystemI::createSoundInternal             : exinfo->userread           = 00007FF90CC97F00
[LOG] SystemI::createSoundInternal             : exinfo->userseek           = 00007FF90CC97FC0
[LOG] SystemI::createSoundInternal             : exinfo->fileuserdata       = 0000012F2CC924D8
[LOG] SystemI::createSoundInternal             : exinfo->initialseekpostype = 1
[LOG] SystemI::DSPCodecPoolRegister            : register codec pool for pool type 5
[LOG] SystemI::createSoundInternal             : Sample 0/1: name='Hit1_asset', format=5, channels=2, frequency=48000, lengthbytes=6976, lengthpcm=48000, pcmblocksize=0, loopstart=0, loopend=0, mode=0x00000000, channelmask=0x00000000, channelorder=0, peakvolume=0.178591.
[LOG] SoundI::release                          :  (0000012F54D5B458)
[LOG] SoundI::release                          :     Hit5_asset (0000012F54DD5908)
[LOG] SoundI::release                          :  (0000012F54D5BFD8)
[LOG] SoundI::release                          :     Hit4_asset (0000012F54DD5F88)
[LOG] SoundI::release                          :  (0000012F54D5C878)
[LOG] SoundI::release                          :     Hit3_asset (0000012F54DD2EC8)
[LOG] SoundI::release                          :  (0000012F54D5A8D8)
[LOG] SoundI::release                          :     Hit2_asset (0000012F54DD40A8)
[LOG] SoundI::release                          :  (0000012F54D5BE68)
[LOG] SoundI::release                          :     Hit1_asset (0000012F54DD3BC8)
[LOG] Manager::readBank                        : fileversion = 135, compatVersion = 132 (oldest = 44, newest = 135)
[LOG] PlaybackSystem::acquireMasterBus         : Setting master channel group format to 6
[LOG] SystemI::createSoundInternal             : Create name='', mode=0x02000202
[LOG] SystemI::createSoundInternal             : exinfo->cbsize             = 224
[LOG] SystemI::createSoundInternal             : exinfo->length             = 7749248
[LOG] SystemI::createSoundInternal             : exinfo->fileoffset         = 32352
[LOG] SystemI::createSoundInternal             : exinfo->numsubsounds       = 1
[LOG] SystemI::createSoundInternal             : exinfo->inclusionlist      = 0000001EE4CFF1A8
[LOG] SystemI::createSoundInternal             : exinfo->inclusionlistnum   = 1
[LOG] SystemI::createSoundInternal             : exinfo->suggestedsoundtype = 5
[LOG] SystemI::createSoundInternal             : exinfo->useropen           = 00007FF90CC97E30
[LOG] SystemI::createSoundInternal             : exinfo->userclose          = 00007FF90CC97E00
[LOG] SystemI::createSoundInternal             : exinfo->userread           = 00007FF90CC97F00
[LOG] SystemI::createSoundInternal             : exinfo->userseek           = 00007FF90CC97FC0
[LOG] SystemI::createSoundInternal             : exinfo->fileuserdata       = 0000012F2CC922C8
[LOG] SystemI::createSoundInternal             : exinfo->initialseekpostype = 1
[LOG] SystemI::DSPCodecPoolRegister            : register codec pool for pool type 5
[LOG] SystemI::createSoundInternal             : Sample 0/1: name='WalkingFeebck_Loop_asset -', format=5, channels=2, frequency=48000, lengthbytes=8800, lengthpcm=41941, pcmblocksize=0, loopstart=0, loopend=0, mode=0x00000000, channelmask=0x00000000, channelorder=0, peakvolume=0.109786.
[LOG] SoundI::release                          :  (0000012F54D5C878)
[LOG] SoundI::release                          :     WalkingFeebck_Loop_asset - (0000012F54DD40A8)
[LOG] Manager::readBank                        : fileversion = 135, compatVersion = 132 (oldest = 44, newest = 135)
[LOG] PlaybackSystem::acquireMasterBus         : Setting master channel group format to 6
[LOG] SystemI::createSoundInternal             : Create name='', mode=0x02000202
[LOG] SystemI::createSoundInternal             : exinfo->cbsize             = 224
[LOG] SystemI::createSoundInternal             : exinfo->length             = 7749248
[LOG] SystemI::createSoundInternal             : exinfo->fileoffset         = 32352
[LOG] SystemI::createSoundInternal             : exinfo->numsubsounds       = 1
[LOG] SystemI::createSoundInternal             : exinfo->inclusionlist      = 0000001EE4CFF1A8
[LOG] SystemI::createSoundInternal             : exinfo->inclusionlistnum   = 1
[LOG] SystemI::createSoundInternal             : exinfo->suggestedsoundtype = 5
[LOG] SystemI::createSoundInternal             : exinfo->useropen           = 00007FF90CC97E30
[LOG] SystemI::createSoundInternal             : exinfo->userclose          = 00007FF90CC97E00
[LOG] SystemI::createSoundInternal             : exinfo->userread           = 00007FF90CC97F00
[LOG] SystemI::createSoundInternal             : exinfo->userseek           = 00007FF90CC97FC0
[LOG] SystemI::createSoundInternal             : exinfo->fileuserdata       = 0000012F2CC922C8
[LOG] SystemI::createSoundInternal             : exinfo->initialseekpostype = 1
[LOG] SystemI::DSPCodecPoolRegister            : register codec pool for pool type 5
[LOG] SystemI::createSoundInternal             : Sample 0/1: name='Hit3_asset', format=5, channels=2, frequency=48000, lengthbytes=7936, lengthpcm=48000, pcmblocksize=0, loopstart=0, loopend=0, mode=0x00000000, channelmask=0x00000000, channelorder=0, peakvolume=0.198953.
[LOG] SystemI::createSoundInternal             : Create name='', mode=0x02000202
[LOG] SystemI::createSoundInternal             : exinfo->cbsize             = 224
[LOG] SystemI::createSoundInternal             : exinfo->length             = 7749248
[LOG] SystemI::createSoundInternal             : exinfo->fileoffset         = 32352
[LOG] SystemI::createSoundInternal             : exinfo->numsubsounds       = 1
[LOG] SystemI::createSoundInternal             : exinfo->inclusionlist      = 0000001EE4CFF1A8
[LOG] SystemI::createSoundInternal             : exinfo->inclusionlistnum   = 1
[LOG] SystemI::createSoundInternal             : exinfo->suggestedsoundtype = 5
[LOG] SystemI::createSoundInternal             : exinfo->useropen           = 00007FF90CC97E30
[LOG] SystemI::createSoundInternal             : exinfo->userclose          = 00007FF90CC97E00
[LOG] SystemI::createSoundInternal             : exinfo->userread           = 00007FF90CC97F00
[LOG] SystemI::createSoundInternal             : exinfo->userseek           = 00007FF90CC97FC0
[LOG] SystemI::createSoundInternal             : exinfo->fileuserdata       = 0000012F2CC922C8
[LOG] SystemI::createSoundInternal             : exinfo->initialseekpostype = 1
[LOG] SystemI::DSPCodecPoolRegister            : register codec pool for pool type 5
[LOG] SystemI::createSoundInternal             : Sample 0/1: name='Hit4_asset', format=5, channels=2, frequency=48000, lengthbytes=8544, lengthpcm=48000, pcmblocksize=0, loopstart=0, loopend=0, mode=0x00000000, channelmask=0x00000000, channelorder=0, peakvolume=0.109725.
[LOG] SystemI::createSoundInternal             : Create name='', mode=0x02000202
[LOG] SystemI::createSoundInternal             : exinfo->cbsize             = 224
[LOG] SystemI::createSoundInternal             : exinfo->length             = 7749248
[LOG] SystemI::createSoundInternal             : exinfo->fileoffset         = 32352
[LOG] SystemI::createSoundInternal             : exinfo->numsubsounds       = 1
[LOG] SystemI::createSoundInternal             : exinfo->inclusionlist      = 0000001EE4CFF1A8
[LOG] SystemI::createSoundInternal             : exinfo->inclusionlistnum   = 1
[LOG] SystemI::createSoundInternal             : exinfo->suggestedsoundtype = 5
[LOG] SystemI::createSoundInternal             : exinfo->useropen           = 00007FF90CC97E30
[LOG] SystemI::createSoundInternal             : exinfo->userclose          = 00007FF90CC97E00
[LOG] SystemI::createSoundInternal             : exinfo->userread           = 00007FF90CC97F00
[LOG] SystemI::createSoundInternal             : exinfo->userseek           = 00007FF90CC97FC0
[LOG] SystemI::createSoundInternal             : exinfo->fileuserdata       = 0000012F2CC922C8
[LOG] SystemI::createSoundInternal             : exinfo->initialseekpostype = 1
[LOG] SystemI::DSPCodecPoolRegister            : register codec pool for pool type 5
[LOG] SystemI::createSoundInternal             : Sample 0/1: name='Hit2_asset', format=5, channels=2, frequency=48000, lengthbytes=10912, lengthpcm=48000, pcmblocksize=0, loopstart=0, loopend=0, mode=0x00000000, channelmask=0x00000000, channelorder=0, peakvolume=0.163314.
[LOG] SystemI::createSoundInternal             : Create name='', mode=0x02000202
[LOG] SystemI::createSoundInternal             : exinfo->cbsize             = 224
[LOG] SystemI::createSoundInternal             : exinfo->length             = 7749248
[LOG] SystemI::createSoundInternal             : exinfo->fileoffset         = 32352
[LOG] SystemI::createSoundInternal             : exinfo->numsubsounds       = 1
[LOG] SystemI::createSoundInternal             : exinfo->inclusionlist      = 0000001EE4CFF1A8
[LOG] SystemI::createSoundInternal             : exinfo->inclusionlistnum   = 1
[LOG] SystemI::createSoundInternal             : exinfo->suggestedsoundtype = 5
[LOG] SystemI::createSoundInternal             : exinfo->useropen           = 00007FF90CC97E30
[LOG] SystemI::createSoundInternal             : exinfo->userclose          = 00007FF90CC97E00
[LOG] SystemI::createSoundInternal             : exinfo->userread           = 00007FF90CC97F00
[LOG] SystemI::createSoundInternal             : exinfo->userseek           = 00007FF90CC97FC0
[LOG] SystemI::createSoundInternal             : exinfo->fileuserdata       = 0000012F2CC922C8
[LOG] SystemI::createSoundInternal             : exinfo->initialseekpostype = 1
[LOG] SystemI::DSPCodecPoolRegister            : register codec pool for pool type 5
[LOG] SystemI::createSoundInternal             : Sample 0/1: name='Hit5_asset', format=5, channels=2, frequency=48000, lengthbytes=7488, lengthpcm=48000, pcmblocksize=0, loopstart=0, loopend=0, mode=0x00000000, channelmask=0x00000000, channelorder=0, peakvolume=0.068598.
[LOG] SystemI::createSoundInternal             : Create name='', mode=0x02000202
[LOG] SystemI::createSoundInternal             : exinfo->cbsize             = 224
[LOG] SystemI::createSoundInternal             : exinfo->length             = 7749248
[LOG] SystemI::createSoundInternal             : exinfo->fileoffset         = 32352
[LOG] SystemI::createSoundInternal             : exinfo->numsubsounds       = 1
[LOG] SystemI::createSoundInternal             : exinfo->inclusionlist      = 0000001EE4CFF1A8
[LOG] SystemI::createSoundInternal             : exinfo->inclusionlistnum   = 1
[LOG] SystemI::createSoundInternal             : exinfo->suggestedsoundtype = 5
[LOG] SystemI::createSoundInternal             : exinfo->useropen           = 00007FF90CC97E30
[LOG] SystemI::createSoundInternal             : exinfo->userclose          = 00007FF90CC97E00
[LOG] SystemI::createSoundInternal             : exinfo->userread           = 00007FF90CC97F00
[LOG] SystemI::createSoundInternal             : exinfo->userseek           = 00007FF90CC97FC0
[LOG] SystemI::createSoundInternal             : exinfo->fileuserdata       = 0000012F2CC922C8
[LOG] SystemI::createSoundInternal             : exinfo->initialseekpostype = 1
[LOG] SystemI::DSPCodecPoolRegister            : register codec pool for pool type 5
[LOG] SystemI::createSoundInternal             : Sample 0/1: name='Hit1_asset', format=5, channels=2, frequency=48000, lengthbytes=6976, lengthpcm=48000, pcmblocksize=0, loopstart=0, loopend=0, mode=0x00000000, channelmask=0x00000000, channelorder=0, peakvolume=0.178591.
[LOG] SoundI::release                          :  (0000012F54D5B5C8)
[LOG] SoundI::release                          :     Hit5_asset (0000012F54DD3068)
[LOG] SoundI::release                          :  (0000012F54D591D8)
[LOG] SoundI::release                          :     Hit4_asset (0000012F54DD33A8)
[LOG] SoundI::release                          :  (0000012F54D5C2B8)
[LOG] SoundI::release                          :     Hit3_asset (0000012F54DD55C8)
[LOG] SoundI::release                          :  (0000012F54D59628)
[LOG] SoundI::release                          :     Hit2_asset (0000012F54DD26A8)
[LOG] SoundI::release                          :  (0000012F54D59A78)
[LOG] SoundI::release                          :     Hit1_asset (0000012F54DD5428)
[LOG] Manager::readBank                        : fileversion = 135, compatVersion = 132 (oldest = 44, newest = 135)
[LOG] PlaybackSystem::acquireMasterBus         : Setting master channel group format to 6
[LOG] SystemI::createSoundInternal             : Create name='', mode=0x02000202
[LOG] SystemI::createSoundInternal             : exinfo->cbsize             = 224
[LOG] SystemI::createSoundInternal             : exinfo->length             = 7749248
[LOG] SystemI::createSoundInternal             : exinfo->fileoffset         = 32352
[LOG] SystemI::createSoundInternal             : exinfo->numsubsounds       = 1
[LOG] SystemI::createSoundInternal             : exinfo->inclusionlist      = 0000001EE4CFF1A8
[LOG] SystemI::createSoundInternal             : exinfo->inclusionlistnum   = 1
[LOG] SystemI::createSoundInternal             : exinfo->suggestedsoundtype = 5
[LOG] SystemI::createSoundInternal             : exinfo->useropen           = 00007FF90CC97E30
[LOG] SystemI::createSoundInternal             : exinfo->userclose          = 00007FF90CC97E00
[LOG] SystemI::createSoundInternal             : exinfo->userread           = 00007FF90CC97F00
[LOG] SystemI::createSoundInternal             : exinfo->userseek           = 00007FF90CC97FC0
[LOG] SystemI::createSoundInternal             : exinfo->fileuserdata       = 0000012F2CC91C98
[LOG] SystemI::createSoundInternal             : exinfo->initialseekpostype = 1
[LOG] SystemI::DSPCodecPoolRegister            : register codec pool for pool type 5
[LOG] SystemI::createSoundInternal             : Sample 0/1: name='ShotGun_asset', format=5, channels=2, frequency=48000, lengthbytes=13856, lengthpcm=48000, pcmblocksize=0, loopstart=0, loopend=0, mode=0x00000000, channelmask=0x00000000, channelorder=0, peakvolume=0.153883.
[LOG] SoundI::release                          :  (0000012F54D5A8D8)
[LOG] SoundI::release                          :     ShotGun_asset (0000012F54DD3BC8)
[LOG] Manager::readBank                        : fileversion = 135, compatVersion = 132 (oldest = 44, newest = 135)
[LOG] PlaybackSystem::acquireMasterBus         : Setting master channel group format to 6
[LOG] SystemI::createSoundInternal             : Create name='', mode=0x02000202
[LOG] SystemI::createSoundInternal             : exinfo->cbsize             = 224
[LOG] SystemI::createSoundInternal             : exinfo->length             = 7749248
[LOG] SystemI::createSoundInternal             : exinfo->fileoffset         = 32352
[LOG] SystemI::createSoundInternal             : exinfo->numsubsounds       = 1
[LOG] SystemI::createSoundInternal             : exinfo->inclusionlist      = 0000001EE4CFF1A8
[LOG] SystemI::createSoundInternal             : exinfo->inclusionlistnum   = 1
[LOG] SystemI::createSoundInternal             : exinfo->suggestedsoundtype = 5
[LOG] SystemI::createSoundInternal             : exinfo->useropen           = 00007FF90CC97E30
[LOG] SystemI::createSoundInternal             : exinfo->userclose          = 00007FF90CC97E00
[LOG] SystemI::createSoundInternal             : exinfo->userread           = 00007FF90CC97F00
[LOG] SystemI::createSoundInternal             : exinfo->userseek           = 00007FF90CC97FC0
[LOG] SystemI::createSoundInternal             : exinfo->fileuserdata       = 0000012F2CC924D8
[LOG] SystemI::createSoundInternal             : exinfo->initialseekpostype = 1
[LOG] SystemI::DSPCodecPoolRegister            : register codec pool for pool type 5
[LOG] SystemI::createSoundInternal             : Sample 0/1: name='ShotGun_asset', format=5, channels=2, frequency=48000, lengthbytes=13856, lengthpcm=48000, pcmblocksize=0, loopstart=0, loopend=0, mode=0x00000000, channelmask=0x00000000, channelorder=0, peakvolume=0.153883.
[LOG] SoundI::release                          :  (0000012F54D59A78)
[LOG] SoundI::release                          :     ShotGun_asset (0000012F54DD33A8)
[LOG] Manager::readBank                        : fileversion = 135, compatVersion = 132 (oldest = 44, newest = 135)
[LOG] PlaybackSystem::acquireMasterBus         : Setting master channel group format to 6
[LOG] SystemI::createSoundInternal             : Create name='', mode=0x02000202
[LOG] SystemI::createSoundInternal             : exinfo->cbsize             = 224
[LOG] SystemI::createSoundInternal             : exinfo->length             = 7749248
[LOG] SystemI::createSoundInternal             : exinfo->fileoffset         = 32352
[LOG] SystemI::createSoundInternal             : exinfo->numsubsounds       = 1
[LOG] SystemI::createSoundInternal             : exinfo->inclusionlist      = 0000001EE4CFF1A8
[LOG] SystemI::createSoundInternal             : exinfo->inclusionlistnum   = 1
[LOG] SystemI::createSoundInternal             : exinfo->suggestedsoundtype = 5
[LOG] SystemI::createSoundInternal             : exinfo->useropen           = 00007FF90CC97E30
[LOG] SystemI::createSoundInternal             : exinfo->userclose          = 00007FF90CC97E00
[LOG] SystemI::createSoundInternal             : exinfo->userread           = 00007FF90CC97F00
[LOG] SystemI::createSoundInternal             : exinfo->userseek           = 00007FF90CC97FC0
[LOG] SystemI::createSoundInternal             : exinfo->fileuserdata       = 0000012F2CC91C98
[LOG] SystemI::createSoundInternal             : exinfo->initialseekpostype = 1
[LOG] SystemI::DSPCodecPoolRegister            : register codec pool for pool type 5
[LOG] SystemI::createSoundInternal             : Sample 0/1: name='ShotGun_asset', format=5, channels=2, frequency=48000, lengthbytes=13856, lengthpcm=48000, pcmblocksize=0, loopstart=0, loopend=0, mode=0x00000000, channelmask=0x00000000, channelorder=0, peakvolume=0.153883.
[LOG] SoundI::release                          :  (0000012F54D5B458)
[LOG] SoundI::release                          :     ShotGun_asset (0000012F54DD3548)
[LOG] Manager::readBank                        : fileversion = 135, compatVersion = 132 (oldest = 44, newest = 135)
[LOG] PlaybackSystem::acquireMasterBus         : Setting master channel group format to 6
[LOG] SystemI::createSoundInternal             : Create name='', mode=0x02000202
[LOG] SystemI::createSoundInternal             : exinfo->cbsize             = 224
[LOG] SystemI::createSoundInternal             : exinfo->length             = 7749248
[LOG] SystemI::createSoundInternal             : exinfo->fileoffset         = 32352
[LOG] SystemI::createSoundInternal             : exinfo->numsubsounds       = 1
[LOG] SystemI::createSoundInternal             : exinfo->inclusionlist      = 0000001EE4CFF1A8
[LOG] SystemI::createSoundInternal             : exinfo->inclusionlistnum   = 1
[LOG] SystemI::createSoundInternal             : exinfo->suggestedsoundtype = 5
[LOG] SystemI::createSoundInternal             : exinfo->useropen           = 00007FF90CC97E30
[LOG] SystemI::createSoundInternal             : exinfo->userclose          = 00007FF90CC97E00
[LOG] SystemI::createSoundInternal             : exinfo->userread           = 00007FF90CC97F00
[LOG] SystemI::createSoundInternal             : exinfo->userseek           = 00007FF90CC97FC0
[LOG] SystemI::createSoundInternal             : exinfo->fileuserdata       = 0000012F2CC91C98
[LOG] SystemI::createSoundInternal             : exinfo->initialseekpostype = 1
[LOG] SystemI::DSPCodecPoolRegister            : register codec pool for pool type 5
[LOG] SystemI::createSoundInternal             : Sample 0/1: name='ShotGun_asset', format=5, channels=2, frequency=48000, lengthbytes=13856, lengthpcm=48000, pcmblocksize=0, loopstart=0, loopend=0, mode=0x00000000, channelmask=0x00000000, channelorder=0, peakvolume=0.153883.
[LOG] SoundI::release                          :  (0000012F54D5C708)
[LOG] SoundI::release                          :     ShotGun_asset (0000012F54DD5908)
[LOG] Manager::readBank                        : fileversion = 135, compatVersion = 132 (oldest = 44, newest = 135)
[LOG] PlaybackSystem::acquireMasterBus         : Setting master channel group format to 6
[LOG] SystemI::createSoundInternal             : Create name='', mode=0x02000202
[LOG] SystemI::createSoundInternal             : exinfo->cbsize             = 224
[LOG] SystemI::createSoundInternal             : exinfo->length             = 7749248
[LOG] SystemI::createSoundInternal             : exinfo->fileoffset         = 32352
[LOG] SystemI::createSoundInternal             : exinfo->numsubsounds       = 1
[LOG] SystemI::createSoundInternal             : exinfo->inclusionlist      = 0000001EE4CFF1A8
[LOG] SystemI::createSoundInternal             : exinfo->inclusionlistnum   = 1
[LOG] SystemI::createSoundInternal             : exinfo->suggestedsoundtype = 5
[LOG] SystemI::createSoundInternal             : exinfo->useropen           = 00007FF90CC97E30
[LOG] SystemI::createSoundInternal             : exinfo->userclose          = 00007FF90CC97E00
[LOG] SystemI::createSoundInternal             : exinfo->userread           = 00007FF90CC97F00
[LOG] SystemI::createSoundInternal             : exinfo->userseek           = 00007FF90CC97FC0
[LOG] SystemI::createSoundInternal             : exinfo->fileuserdata       = 0000012F294CD938
[LOG] SystemI::createSoundInternal             : exinfo->initialseekpostype = 1
[LOG] SystemI::DSPCodecPoolRegister            : register codec pool for pool type 5
[LOG] SystemI::createSoundInternal             : Sample 0/1: name='ShotGun_asset', format=5, channels=2, frequency=48000, lengthbytes=13856, lengthpcm=48000, pcmblocksize=0, loopstart=0, loopend=0, mode=0x00000000, channelmask=0x00000000, channelorder=0, peakvolume=0.153883.
[LOG] SoundI::release                          :  (0000012F54D5BCF8)
[LOG] SoundI::release                          :     ShotGun_asset (0000012F54DD5AA8)
[LOG] Manager::readBank                        : fileversion = 135, compatVersion = 132 (oldest = 44, newest = 135)
[LOG] PlaybackSystem::acquireMasterBus         : Setting master channel group format to 6
[LOG] SystemI::createSoundInternal             : Create name='', mode=0x02000202
[LOG] SystemI::createSoundInternal             : exinfo->cbsize             = 224
[LOG] SystemI::createSoundInternal             : exinfo->length             = 7749248
[LOG] SystemI::createSoundInternal             : exinfo->fileoffset         = 32352
[LOG] SystemI::createSoundInternal             : exinfo->numsubsounds       = 1
[LOG] SystemI::createSoundInternal             : exinfo->inclusionlist      = 0000001EE4CFF1A8
[LOG] SystemI::createSoundInternal             : exinfo->inclusionlistnum   = 1
[LOG] SystemI::createSoundInternal             : exinfo->suggestedsoundtype = 5
[LOG] SystemI::createSoundInternal             : exinfo->useropen           = 00007FF90CC97E30
[LOG] SystemI::createSoundInternal             : exinfo->userclose          = 00007FF90CC97E00
[LOG] SystemI::createSoundInternal             : exinfo->userread           = 00007FF90CC97F00
[LOG] SystemI::createSoundInternal             : exinfo->userseek           = 00007FF90CC97FC0
[LOG] SystemI::createSoundInternal             : exinfo->fileuserdata       = 0000012F294CD938
[LOG] SystemI::createSoundInternal             : exinfo->initialseekpostype = 1
[LOG] SystemI::DSPCodecPoolRegister            : register codec pool for pool type 5
[LOG] SystemI::createSoundInternal             : Sample 0/1: name='ShotGun_asset', format=5, channels=2, frequency=48000, lengthbytes=13856, lengthpcm=48000, pcmblocksize=0, loopstart=0, loopend=0, mode=0x00000000, channelmask=0x00000000, channelorder=0, peakvolume=0.153883.
[LOG] SoundI::release                          :  (0000012F54D59628)
[LOG] SoundI::release                          :     ShotGun_asset (0000012F54DD4248)
[LOG] Manager::readBank                        : fileversion = 135, compatVersion = 132 (oldest = 44, newest = 135)
[LOG] PlaybackSystem::acquireMasterBus         : Setting master channel group format to 6
[LOG] SystemI::createSoundInternal             : Create name='', mode=0x02000202
[LOG] SystemI::createSoundInternal             : exinfo->cbsize             = 224
[LOG] SystemI::createSoundInternal             : exinfo->length             = 7749248
[LOG] SystemI::createSoundInternal             : exinfo->fileoffset         = 32352
[LOG] SystemI::createSoundInternal             : exinfo->numsubsounds       = 1
[LOG] SystemI::createSoundInternal             : exinfo->inclusionlist      = 0000001EE4CFF1A8
[LOG] SystemI::createSoundInternal             : exinfo->inclusionlistnum   = 1
[LOG] SystemI::createSoundInternal             : exinfo->suggestedsoundtype = 5
[LOG] SystemI::createSoundInternal             : exinfo->useropen           = 00007FF90CC97E30
[LOG] SystemI::createSoundInternal             : exinfo->userclose          = 00007FF90CC97E00
[LOG] SystemI::createSoundInternal             : exinfo->userread           = 00007FF90CC97F00
[LOG] SystemI::createSoundInternal             : exinfo->userseek           = 00007FF90CC97FC0
[LOG] SystemI::createSoundInternal             : exinfo->fileuserdata       = 0000012F2CC90C18
[LOG] SystemI::createSoundInternal             : exinfo->initialseekpostype = 1
[LOG] SystemI::DSPCodecPoolRegister            : register codec pool for pool type 5
[LOG] SystemI::createSoundInternal             : Sample 0/1: name='ShotGun_asset', format=5, channels=2, frequency=48000, lengthbytes=13856, lengthpcm=48000, pcmblocksize=0, loopstart=0, loopend=0, mode=0x00000000, channelmask=0x00000000, channelorder=0, peakvolume=0.153883.
[LOG] SoundI::release                          :  (0000012F54D5C2B8)
[LOG] SoundI::release                          :     ShotGun_asset (0000012F54DD3548)
[LOG] Manager::readBank                        : fileversion = 135, compatVersion = 132 (oldest = 44, newest = 135)
[LOG] PlaybackSystem::acquireMasterBus         : Setting master channel group format to 6
[LOG] SystemI::createSoundInternal             : Create name='', mode=0x02000202
[LOG] SystemI::createSoundInternal             : exinfo->cbsize             = 224
[LOG] SystemI::createSoundInternal             : exinfo->length             = 7749248
[LOG] SystemI::createSoundInternal             : exinfo->fileoffset         = 32352
[LOG] SystemI::createSoundInternal             : exinfo->numsubsounds       = 1
[LOG] SystemI::createSoundInternal             : exinfo->inclusionlist      = 0000001EE4CFF1A8
[LOG] SystemI::createSoundInternal             : exinfo->inclusionlistnum   = 1
[LOG] SystemI::createSoundInternal             : exinfo->suggestedsoundtype = 5
[LOG] SystemI::createSoundInternal             : exinfo->useropen           = 00007FF90CC97E30
[LOG] SystemI::createSoundInternal             : exinfo->userclose          = 00007FF90CC97E00
[LOG] SystemI::createSoundInternal             : exinfo->userread           = 00007FF90CC97F00
[LOG] SystemI::createSoundInternal             : exinfo->userseek           = 00007FF90CC97FC0
[LOG] SystemI::createSoundInternal             : exinfo->fileuserdata       = 0000012F294CD938
[LOG] SystemI::createSoundInternal             : exinfo->initialseekpostype = 1
[LOG] SystemI::DSPCodecPoolRegister            : register codec pool for pool type 5
[LOG] SystemI::createSoundInternal             : Sample 0/1: name='MenuHUM_asset_loop', format=5, channels=2, frequency=48000, lengthbytes=7136, lengthpcm=77999, pcmblocksize=0, loopstart=0, loopend=0, mode=0x00000000, channelmask=0x00000000, channelorder=0, peakvolume=0.104380.
[LOG] SystemI::createSoundInternal             : Create name='', mode=0x02000202
[LOG] SystemI::createSoundInternal             : exinfo->cbsize             = 224
[LOG] SystemI::createSoundInternal             : exinfo->length             = 7749248
[LOG] SystemI::createSoundInternal             : exinfo->fileoffset         = 32352
[LOG] SystemI::createSoundInternal             : exinfo->numsubsounds       = 1
[LOG] SystemI::createSoundInternal             : exinfo->inclusionlist      = 0000001EE4CFF1A8
[LOG] SystemI::createSoundInternal             : exinfo->inclusionlistnum   = 1
[LOG] SystemI::createSoundInternal             : exinfo->suggestedsoundtype = 5
[LOG] SystemI::createSoundInternal             : exinfo->useropen           = 00007FF90CC97E30
[LOG] SystemI::createSoundInternal             : exinfo->userclose          = 00007FF90CC97E00
[LOG] SystemI::createSoundInternal             : exinfo->userread           = 00007FF90CC97F00
[LOG] SystemI::createSoundInternal             : exinfo->userseek           = 00007FF90CC97FC0
[LOG] SystemI::createSoundInternal             : exinfo->fileuserdata       = 0000012F294CD938
[LOG] SystemI::createSoundInternal             : exinfo->initialseekpostype = 1
[LOG] SystemI::DSPCodecPoolRegister            : register codec pool for pool type 5
[LOG] SystemI::createSoundInternal             : Sample 0/1: name='Alien2_asset', format=5, channels=2, frequency=48000, lengthbytes=17088, lengthpcm=72000, pcmblocksize=0, loopstart=0, loopend=0, mode=0x00000000, channelmask=0x00000000, channelorder=0, peakvolume=0.143896.
[LOG] SystemI::createSound                     : filename = Assets/SoundsAssetTeam04/Build/Desktop/Master.bank : mode 02010082
[LOG] SystemI::createSound                     : FMOD_NONBLOCKING specified.  Putting into queue to be opened asynchronously!
[LOG] Thread::initThread                       : Init FMOD nonblocking thread (0). Affinity: 0x8000000000000003, Priority: 0xFFFF7FFC, Stack Size: 114688, Semaphore: Yes, Sleep Time: 0, Looping: Yes.
[LOG] SystemI::createSound                     : setdata soundi = 0000012F54DCEF38 : node = 0000012F54302FF0
[LOG] SystemI::createSound                     : add node to async list : head = 0000012F54ECD8C8.  list count = 0
[LOG] AsyncThread::threadFunc                  : Starting Asynchronous operation on sound 0000012F54DCEF38
[LOG] SystemI::createSoundInternal             :     Create name='Assets/SoundsAssetTeam04/Build/Desktop/Master.bank', mode=0x02010082
[LOG] SystemI::createSoundInternal             :     exinfo->cbsize             = 224
[LOG] SystemI::createSoundInternal             :     exinfo->length             = 7749248
[LOG] SystemI::createSoundInternal             :     exinfo->fileoffset         = 32352
[LOG] SystemI::createSoundInternal             :     exinfo->numsubsounds       = 1
[LOG] SystemI::createSoundInternal             :     exinfo->inclusionlist      = 0000012F54303100
[LOG] SystemI::createSoundInternal             :     exinfo->inclusionlistnum   = 1
[LOG] SystemI::createSoundInternal             :     exinfo->suggestedsoundtype = 5
[LOG] SystemI::createSoundInternal             :     exinfo->initialseekpostype = 1
[LOG] SystemI::createSoundInternal             :     Stream 0/1: name='BGM1_loop -  - Output - Stereo Out', format=5, channels=2, frequency=48000, lengthbytes=1090784, lengthpcm=4608000, pcmblocksize=0, loopstart=0, loopend=0, mode=0x00000000, channelmask=0x00000000, channelorder=0, peakvolume=0.241872.
[LOG] Thread::initThread                       :     Init FMOD file thread. Affinity: 0x8000000000000003, Priority: 0xFFFF7FFC, Stack Size: 49152, Semaphore: No, Sleep Time: 10, Looping: Yes.
[LOG] AsyncThread::threadFunc                  : Finished Asynchronous operation on sound 0000012F54DCEF38
[LOG] SystemI::createSound                     : filename = Assets/SoundsAssetTeam04/Build/Desktop/Master.bank : mode 02010082
[LOG] SystemI::createSound                     : FMOD_NONBLOCKING specified.  Putting into queue to be opened asynchronously!
[LOG] SystemI::createSound                     : setdata soundi = 0000012F54DCF298 : node = 0000012F54302870
[LOG] SystemI::createSound                     : add node to async list : head = 0000012F54ECD8C8.  list count = 0
[LOG] AsyncThread::threadFunc                  : Starting Asynchronous operation on sound 0000012F54DCF298
[LOG] SystemI::createSoundInternal             :     Create name='Assets/SoundsAssetTeam04/Build/Desktop/Master.bank', mode=0x02010082
[LOG] SystemI::createSoundInternal             :     exinfo->cbsize             = 224
[LOG] SystemI::createSoundInternal             :     exinfo->length             = 7749248
[LOG] SystemI::createSoundInternal             :     exinfo->fileoffset         = 32352
[LOG] SystemI::createSoundInternal             :     exinfo->numsubsounds       = 1
[LOG] SystemI::createSoundInternal             :     exinfo->inclusionlist      = 0000012F54302980
[LOG] SystemI::createSoundInternal             :     exinfo->inclusionlistnum   = 1
[LOG] SystemI::createSoundInternal             :     exinfo->suggestedsoundtype = 5
[LOG] SystemI::createSoundInternal             :     exinfo->initialseekposition = 40000
[LOG] SystemI::createSoundInternal             :     exinfo->initialseekpostype = 1
[LOG] SystemI::createSoundInternal             :     Stream 0/1: name='BGM1_loop -  - Output - Stereo Out', format=5, channels=2, frequency=48000, lengthbytes=1090784, lengthpcm=4608000, pcmblocksize=0, loopstart=0, loopend=0, mode=0x00000000, channelmask=0x00000000, channelorder=0, peakvolume=0.241872.
[LOG] AsyncThread::threadFunc                  : Finished Asynchronous operation on sound 0000012F54DCF298
[LOG] SoundI::release                          : BGM1_loop -  - Output - Stereo Out (0000012F54DCEF38)
[LOG] SoundI::release                          :     BGM1_loop -  - Output - Stereo Out (0000012F54DD21C8)
[LOG] SoundI::release                          :     BGM1_loop -  - Output - Stereo Out (0000012F54DD1458)
[LOG] SystemI::createSound                     : filename = Assets/SoundsAssetTeam04/Build/Desktop/Master.bank : mode 02010082
[LOG] SystemI::createSound                     : FMOD_NONBLOCKING specified.  Putting into queue to be opened asynchronously!
[LOG] SystemI::createSound                     : setdata soundi = 0000012F54DD0528 : node = 0000012F54303270
[LOG] SystemI::createSound                     : add node to async list : head = 0000012F54ECD8C8.  list count = 0
[LOG] AsyncThread::threadFunc                  : Starting Asynchronous operation on sound 0000012F54DD0528
[LOG] SystemI::createSoundInternal             :     Create name='Assets/SoundsAssetTeam04/Build/Desktop/Master.bank', mode=0x02010082
[LOG] SystemI::createSoundInternal             :     exinfo->cbsize             = 224
[LOG] SystemI::createSoundInternal             :     exinfo->length             = 7749248
[LOG] SystemI::createSoundInternal             :     exinfo->fileoffset         = 32352
[LOG] SystemI::createSoundInternal             :     exinfo->numsubsounds       = 1
[LOG] SystemI::createSoundInternal             :     exinfo->inclusionlist      = 0000012F54303380
[LOG] SystemI::createSoundInternal             :     exinfo->inclusionlistnum   = 1
[LOG] SystemI::createSoundInternal             :     exinfo->suggestedsoundtype = 5
[LOG] SystemI::createSoundInternal             :     exinfo->initialseekposition = 40000
[LOG] SystemI::createSoundInternal             :     exinfo->initialseekpostype = 1
[LOG] SystemI::createSoundInternal             :     Stream 0/1: name='BGM1_loop -  - Output - Stereo Out', format=5, channels=2, frequency=48000, lengthbytes=1090784, lengthpcm=4608000, pcmblocksize=0, loopstart=0, loopend=0, mode=0x00000000, channelmask=0x00000000, channelorder=0, peakvolume=0.241872.
[LOG] AsyncThread::threadFunc                  : Finished Asynchronous operation on sound 0000012F54DD0528
[LOG] SoundI::release                          : BGM1_loop -  - Output - Stereo Out (0000012F54DCF298)
[LOG] SoundI::release                          :     BGM1_loop -  - Output - Stereo Out (0000012F54DD3A28)
[LOG] SoundI::release                          :     BGM1_loop -  - Output - Stereo Out (0000012F54DD10F8)
[LOG] SystemI::createSound                     : filename = Assets/SoundsAssetTeam04/Build/Desktop/Master.bank : mode 02010082
[LOG] SystemI::createSound                     : FMOD_NONBLOCKING specified.  Putting into queue to be opened asynchronously!
[LOG] SystemI::createSound                     : setdata soundi = 0000012F54DD0A38 : node = 0000012F543033B0
[LOG] SystemI::createSound                     : add node to async list : head = 0000012F54ECD8C8.  list count = 0
[LOG] AsyncThread::threadFunc                  : Starting Asynchronous operation on sound 0000012F54DD0A38
[LOG] SystemI::createSoundInternal             :     Create name='Assets/SoundsAssetTeam04/Build/Desktop/Master.bank', mode=0x02010082
[LOG] SystemI::createSoundInternal             :     exinfo->cbsize             = 224
[LOG] SystemI::createSoundInternal             :     exinfo->length             = 7749248
[LOG] SystemI::createSoundInternal             :     exinfo->fileoffset         = 32352
[LOG] SystemI::createSoundInternal             :     exinfo->numsubsounds       = 1
[LOG] SystemI::createSoundInternal             :     exinfo->inclusionlist      = 0000012F543034C0
[LOG] SystemI::createSoundInternal             :     exinfo->inclusionlistnum   = 1
[LOG] SystemI::createSoundInternal             :     exinfo->suggestedsoundtype = 5
[LOG] SystemI::createSoundInternal             :     exinfo->initialseekposition = 40000
[LOG] SystemI::createSoundInternal             :     exinfo->initialseekpostype = 1
[LOG] SystemI::createSoundInternal             :     Stream 0/1: name='BGM1_loop -  - Output - Stereo Out', format=5, channels=2, frequency=48000, lengthbytes=1090784, lengthpcm=4608000, pcmblocksize=0, loopstart=0, loopend=0, mode=0x00000000, channelmask=0x00000000, channelorder=0, peakvolume=0.241872.
[LOG] AsyncThread::threadFunc                  : Finished Asynchronous operation on sound 0000012F54DD0A38
[LOG] SoundI::release                          : BGM1_loop -  - Output - Stereo Out (0000012F54DD0528)
[LOG] SoundI::release                          :     BGM1_loop -  - Output - Stereo Out (0000012F54DD33A8)
[LOG] SoundI::release                          :     BGM1_loop -  - Output - Stereo Out (0000012F54DCEF38)
[LOG] SoundI::release                          :  (0000012F54D5A8D8)
[LOG] SoundI::release                          :     Alien2_asset (0000012F54DD5AA8)
[LOG] SoundI::release                          :  (0000012F54D5ABB8)
[LOG] SoundI::release                          :     MenuHUM_asset_loop (0000012F54DD3888)
[LOG] SoundI::release                          : BGM1_loop -  - Output - Stereo Out (0000012F54DD0A38)
[LOG] SoundI::release                          :     BGM1_loop -  - Output - Stereo Out (0000012F54DD3548)
[LOG] SoundI::release                          :     BGM1_loop -  - Output - Stereo Out (0000012F54DCF298)
[LOG] Thread::callback                         : FMOD Studio bank load thread finished.
[LOG] Thread::callback                         : FMOD Studio sample load thread finished.
[LOG] LiveUpdate::release                      : 
[LOG] LiveUpdate::reset                        : Reset connection (reason Disconnected)
[LOG] Thread::callback                         : FMOD stream thread finished.
[LOG] Thread::callback                         : FMOD mixer thread finished.
[LOG] SystemI::close                           : Closed.
[LOG] Thread::callback                         : FMOD nonblocking thread (0) finished.
[LOG] Thread::callback                         : FMOD file thread finished.
